<?xml version="1.0" encoding="UTF-8"?>
<testsuite name="com.bridgelabz.censusanalyser.serviceTest.StateCensusAnalyserTest" tests="1" skipped="0" failures="0" errors="0" timestamp="2020-03-27T10:56:16" hostname="Prasad" time="0.248">
  <properties/>
  <testcase name="givenUSCensusCSVFile_WhenProper_CheckIfNoOfRecordsMatches" classname="com.bridgelabz.censusanalyser.serviceTest.StateCensusAnalyserTest" time="0.248"/>
  <system-out><![CDATA[]]></system-out>
  <system-err><![CDATA[]]></system-err>
</testsuite>
