<?xml version="1.0" encoding="UTF-8"?>
<testsuite name="com.bridgelabz.serviceTest.StateCensusAnalyserTest" tests="1" skipped="0" failures="0" errors="0" timestamp="2020-03-16T14:07:53" hostname="bridgelabz" time="0.193">
  <properties/>
  <testcase name="givenTheStateCensusCSVFile_CheckIfNoOfRecordsMatches" classname="com.bridgelabz.serviceTest.StateCensusAnalyserTest" time="0.193"/>
  <system-out><![CDATA[]]></system-out>
  <system-err><![CDATA[]]></system-err>
</testsuite>
